#
# A fatal error has been detected by the Java Runtime Environment:
#
#  EXCEPTION_ACCESS_VIOLATION (0xc0000005) at pc=0x000000006f2a670a, pid=12872, tid=0x0000000000004f44
#
# JRE version: OpenJDK Runtime Environment (8.0_242-b01) (build 1.8.0_242-release-1644-b01)
# Java VM: OpenJDK 64-Bit Server VM (25.242-b01 mixed mode windows-amd64 compressed oops)
# Problematic frame:
# V  [jvm.dll+0x11670a]
#
# Failed to write core dump. Minidumps are not enabled by default on client versions of Windows
#
# If you would like to submit a bug report, please visit:
#   
#

---------------  T H R E A D  ---------------

Current thread (0x000000002f6b5800):  JavaThread "ForkJoinPool-55-worker-7" daemon [_thread_in_vm, id=20292, stack(0x00000000534a0000,0x00000000535a0000)]

siginfo: ExceptionCode=0xc0000005, reading address 0xffffffffffffffff

Registers:
RAX=0x0000000000000006, RBX=0x00000000d64e03c8, RCX=0x80082dd000000000, RDX=0x00000000d64e03c8
RSP=0x000000005359e2a0, RBP=0x00000000000003d8, RSI=0x000000002fa45510, RDI=0x000000002f6b5800
R8 =0x00000000d64e03c8, R9 =0x0000000000000002, R10=0x00000000800001b8, R11=0x00000000d64e0350
R12=0x000000002fa45520, R13=0x000000002fa458f8, R14=0x00000000d64e02a0, R15=0x000000002f6b5800
RIP=0x000000006f2a670a, EFLAGS=0x0000000000010206

Top of Stack: (sp=0x000000005359e2a0)
0x000000005359e2a0:   000000006f771998 000000006f364f9d
0x000000005359e2b0:   000000005359e350 0000000000000000
0x000000005359e2c0:   000000002f6b5800 000000006f2a695b
0x000000005359e2d0:   00000000d64e03c8 000000006f1fc392
0x000000005359e2e0:   000000002d5cfb88 000000002f6b5800
0x000000005359e2f0:   000000002f6b5800 000000006f290643
0x000000005359e300:   000000005359e3f8 000000006f3a4314
0x000000005359e310:   000000006f771998 000000005359e360
0x000000005359e320:   000000005359e3e8 000000006f363cdd
0x000000005359e330:   0000000000000000 000000002f6b5800
0x000000005359e340:   0000000000000000 0000a0c0f01b3ac7
0x000000005359e350:   000000002f319600 000000006f5abdbb
0x000000005359e360:   000000002d5cfb88 000000002f6b5800
0x000000005359e370:   00000000ffffffff 00000000031673d0
0x000000005359e380:   00000000d64e02f8 0000000000000000
0x000000005359e390:   00000000d64e03a4 00000000034f32ea 

Instructions: (pc=0x000000006f2a670a)
0x000000006f2a66ea:   ff ca 88 41 ff 75 ef 43 c6 04 10 00 49 8b c2 c3
0x000000006f2a66fa:   cc cc cc cc cc cc 48 89 5c 24 08 57 48 83 ec 20
0x000000006f2a670a:   0f b7 39 48 8b d9 33 d2 ff c7 48 63 cf e8 b4 1a
0x000000006f2a671a:   fb ff 4c 8b d8 85 ff 7e 45 44 0f b7 03 8d 57 ff 


Register to memory mapping:

RAX=0x0000000000000006 is an unknown value
RBX=0x00000000d64e03c8 is an unknown value
RCX=0x80082dd000000000 is an unknown value
RDX=0x00000000d64e03c8 is an unknown value
RSP=0x000000005359e2a0 is pointing into the stack for thread: 0x000000002f6b5800
RBP=0x00000000000003d8 is an unknown value
RSI=0x000000002fa45510 is an unknown value
RDI=0x000000002f6b5800 is a thread
R8 =0x00000000d64e03c8 is an unknown value
R9 =0x0000000000000002 is an unknown value
R10=0x00000000800001b8 is an oop
[Ljava.lang.Object; 
 - klass: 'java/lang/Object'[]
 - length: 0
R11=0x00000000d64e0350 is an oop
com.android.tools.r8.code.u1$a 
 - klass: 'com/android/tools/r8/code/u1$a'
R12=0x000000002fa45520 is an unknown value
R13=0x000000002fa458f8 is an unknown value
R14=0x00000000d64e02a0 is an oop
[Ljava.lang.Object; 
 - klass: 'java/lang/Object'[]
 - length: 10
R15=0x000000002f6b5800 is a thread


Stack: [0x00000000534a0000,0x00000000535a0000],  sp=0x000000005359e2a0,  free space=1016k
Native frames: (J=compiled Java code, j=interpreted, Vv=VM code, C=native code)
V  [jvm.dll+0x11670a]
V  [jvm.dll+0x11695b]
V  [jvm.dll+0x100643]
V  [jvm.dll+0x41bdbb]
C  0x00000000034f32ea

Java frames: (J=compiled Java code, j=interpreted, Vv=VM code)
v  ~RuntimeStub::throw_array_store_exception Runtime1 stub
J 31804 C1 com.android.tools.r8.code.u1.a(Ljava/nio/ShortBuffer;IILcom/android/tools/r8/graph/I0;)[Lcom/android/tools/r8/code/t1; (4075 bytes) @ 0x0000000008d5c8c6 [0x0000000008d47560+0x15366]
J 31822 C1 com.android.tools.r8.dex.n.a(I[Lcom/android/tools/r8/graph/Y$b;[Lcom/android/tools/r8/graph/Y$c;ZZ)[Lcom/android/tools/r8/graph/T; (1022 bytes) @ 0x0000000008d98904 [0x0000000008d94580+0x4384]
J 31816 C1 com.android.tools.r8.dex.n.a(Ljava/util/function/Consumer;)V (945 bytes) @ 0x0000000008d8a724 [0x0000000008d87320+0x3404]
J 28084 C2 java.util.concurrent.ForkJoinPool$WorkQueue.runTask(Ljava/util/concurrent/ForkJoinTask;)V (86 bytes) @ 0x000000000822ec38 [0x000000000822e900+0x338]
J 30095 C2 java.util.concurrent.ForkJoinPool.runWorker(Ljava/util/concurrent/ForkJoinPool$WorkQueue;)V (77 bytes) @ 0x00000000057ac730 [0x00000000057ac5c0+0x170]
J 22742 C1 java.util.concurrent.ForkJoinWorkerThread.run()V (192 bytes) @ 0x000000000753cd4c [0x000000000753cba0+0x1ac]
v  ~StubRoutines::call_stub

---------------  P R O C E S S  ---------------

Java Threads: ( => current thread )
  0x000000002f6bd000 JavaThread "ForkJoinPool-55-worker-0" daemon [_thread_blocked, id=18228, stack(0x00000000535a0000,0x00000000536a0000)]
=>0x000000002f6b5800 JavaThread "ForkJoinPool-55-worker-7" daemon [_thread_in_vm, id=20292, stack(0x00000000534a0000,0x00000000535a0000)]
  0x000000002f6bc800 JavaThread "ForkJoinPool-55-worker-14" daemon [_thread_blocked, id=9384, stack(0x00000000533a0000,0x00000000534a0000)]
  0x000000002f6b5000 JavaThread "ForkJoinPool-55-worker-5" daemon [_thread_in_Java, id=12712, stack(0x00000000532a0000,0x00000000533a0000)]
  0x000000002f6b8000 JavaThread "ForkJoinPool-55-worker-12" daemon [_thread_blocked, id=18936, stack(0x00000000531a0000,0x00000000532a0000)]
  0x000000002f6b7000 JavaThread "ForkJoinPool-55-worker-3" daemon [_thread_blocked, id=5392, stack(0x00000000530a0000,0x00000000531a0000)]
  0x000000002f6b9800 JavaThread "ForkJoinPool-55-worker-10" daemon [_thread_blocked, id=15172, stack(0x0000000052fa0000,0x00000000530a0000)]
  0x000000002f6bb800 JavaThread "ForkJoinPool-55-worker-1" daemon [_thread_blocked, id=6184, stack(0x0000000052ea0000,0x0000000052fa0000)]
  0x000000002f6ba000 JavaThread "ForkJoinPool-55-worker-8" daemon [_thread_blocked, id=1568, stack(0x0000000052da0000,0x0000000052ea0000)]
  0x000000002f6b4000 JavaThread "ForkJoinPool-55-worker-15" daemon [_thread_blocked, id=1276, stack(0x0000000052ca0000,0x0000000052da0000)]
  0x000000002f6b8800 JavaThread "ForkJoinPool-55-worker-6" daemon [_thread_blocked, id=15636, stack(0x0000000052ba0000,0x0000000052ca0000)]
  0x000000002f6bb000 JavaThread "ForkJoinPool-55-worker-13" daemon [_thread_in_Java, id=17556, stack(0x0000000052aa0000,0x0000000052ba0000)]
  0x000000002a4a4800 JavaThread "ForkJoinPool-55-worker-4" daemon [_thread_blocked, id=1664, stack(0x00000000529a0000,0x0000000052aa0000)]
  0x000000002a4a5800 JavaThread "ForkJoinPool-55-worker-11" daemon [_thread_in_vm, id=14364, stack(0x00000000528a0000,0x00000000529a0000)]
  0x000000002a4a4000 JavaThread "ForkJoinPool-55-worker-2" daemon [_thread_blocked, id=7640, stack(0x00000000527a0000,0x00000000528a0000)]
  0x000000002a4a7000 JavaThread "ForkJoinPool-55-worker-9" daemon [_thread_blocked, id=18360, stack(0x00000000526a0000,0x00000000527a0000)]
  0x000000002ee66800 JavaThread "WorkerExecutor Queue Thread 16" [_thread_blocked, id=11044, stack(0x00000000515a0000,0x00000000516a0000)]
  0x000000002ee66000 JavaThread "WorkerExecutor Queue Thread 15" [_thread_blocked, id=11972, stack(0x00000000514a0000,0x00000000515a0000)]
  0x000000002ee64800 JavaThread "WorkerExecutor Queue Thread 14" [_thread_blocked, id=19900, stack(0x00000000513a0000,0x00000000514a0000)]
  0x000000002ee60000 JavaThread "WorkerExecutor Queue Thread 13" [_thread_blocked, id=12820, stack(0x00000000512a0000,0x00000000513a0000)]
  0x000000002ee5a800 JavaThread "WorkerExecutor Queue Thread 12" [_thread_blocked, id=12588, stack(0x00000000511a0000,0x00000000512a0000)]
  0x000000002ee5f000 JavaThread "WorkerExecutor Queue Thread 11" [_thread_blocked, id=16988, stack(0x00000000510a0000,0x00000000511a0000)]
  0x000000002ee5d000 JavaThread "WorkerExecutor Queue Thread 10" [_thread_blocked, id=10844, stack(0x0000000050fa0000,0x00000000510a0000)]
  0x000000002ee60800 JavaThread "WorkerExecutor Queue Thread 9" [_thread_blocked, id=6172, stack(0x0000000050ea0000,0x0000000050fa0000)]
  0x000000002ee57800 JavaThread "WorkerExecutor Queue Thread 8" [_thread_blocked, id=2172, stack(0x0000000050da0000,0x0000000050ea0000)]
  0x000000002558f000 JavaThread "WorkerExecutor Queue Thread 7" [_thread_blocked, id=13916, stack(0x0000000050ca0000,0x0000000050da0000)]
  0x0000000025595000 JavaThread "WorkerExecutor Queue Thread 6" [_thread_blocked, id=16500, stack(0x0000000050ba0000,0x0000000050ca0000)]
  0x0000000025596000 JavaThread "WorkerExecutor Queue Thread 5" [_thread_blocked, id=12932, stack(0x0000000050aa0000,0x0000000050ba0000)]
  0x0000000025594800 JavaThread "WorkerExecutor Queue Thread 4" [_thread_blocked, id=18704, stack(0x00000000509a0000,0x0000000050aa0000)]
  0x0000000025593800 JavaThread "WorkerExecutor Queue Thread 3" [_thread_blocked, id=18028, stack(0x00000000508a0000,0x00000000509a0000)]
  0x0000000025593000 JavaThread "WorkerExecutor Queue Thread 2" [_thread_blocked, id=14340, stack(0x00000000507a0000,0x00000000508a0000)]
  0x000000002558d800 JavaThread "WorkerExecutor Queue" [_thread_blocked, id=19120, stack(0x00000000506a0000,0x00000000507a0000)]
  0x0000000025589000 JavaThread "Cache worker for Java compile cache (C:\Users\lkw19\Documents\Android\ANoteTaker\.gradle\6.1.1\javaCompile)" [_thread_blocked, id=17572, stack(0x00000000505a0000,0x00000000506a0000)]
  0x000000002558d000 JavaThread "Cache worker for execution history cache (C:\Users\lkw19\Documents\Android\ANoteTaker\.gradle\6.1.1\executionHistory)" [_thread_blocked, id=9916, stack(0x00000000504a0000,0x00000000505a0000)]
  0x000000002558e800 JavaThread "Execution worker for ':' Thread 15" [_thread_blocked, id=8312, stack(0x00000000503a0000,0x00000000504a0000)]
  0x000000002558a000 JavaThread "Execution worker for ':' Thread 14" [_thread_blocked, id=16760, stack(0x00000000502a0000,0x00000000503a0000)]
  0x0000000021016800 JavaThread "Execution worker for ':' Thread 13" [_thread_blocked, id=20104, stack(0x00000000501a0000,0x00000000502a0000)]
  0x0000000021015800 JavaThread "Execution worker for ':' Thread 12" [_thread_blocked, id=12164, stack(0x00000000500a0000,0x00000000501a0000)]
  0x0000000021015000 JavaThread "Execution worker for ':' Thread 11" [_thread_blocked, id=9820, stack(0x000000004ffa0000,0x00000000500a0000)]
  0x0000000021011000 JavaThread "Execution worker for ':' Thread 10" [_thread_blocked, id=17944, stack(0x000000004fea0000,0x000000004ffa0000)]
  0x0000000021012000 JavaThread "Execution worker for ':' Thread 9" [_thread_blocked, id=2712, stack(0x000000004fda0000,0x000000004fea0000)]
  0x0000000021010800 JavaThread "Execution worker for ':' Thread 8" [_thread_blocked, id=7432, stack(0x000000004fca0000,0x000000004fda0000)]
  0x0000000021013800 JavaThread "Execution worker for ':' Thread 7" [_thread_blocked, id=18988, stack(0x000000004fba0000,0x000000004fca0000)]
  0x0000000021009000 JavaThread "Execution worker for ':' Thread 6" [_thread_blocked, id=14532, stack(0x000000004faa0000,0x000000004fba0000)]
  0x0000000021008000 JavaThread "Execution worker for ':' Thread 5" [_thread_blocked, id=17524, stack(0x000000004f9a0000,0x000000004faa0000)]
  0x000000002100c800 JavaThread "Execution worker for ':' Thread 4" [_thread_blocked, id=6728, stack(0x000000004f8a0000,0x000000004f9a0000)]
  0x0000000021007800 JavaThread "Execution worker for ':' Thread 3" [_thread_blocked, id=10612, stack(0x000000004f7a0000,0x000000004f8a0000)]
  0x000000002100c000 JavaThread "Execution worker for ':' Thread 2" [_thread_blocked, id=17600, stack(0x000000004f6a0000,0x000000004f7a0000)]
  0x000000002100e000 JavaThread "Execution worker for ':'" [_thread_blocked, id=15272, stack(0x000000004f5a0000,0x000000004f6a0000)]
  0x000000002100d800 JavaThread "Cache worker for file content cache (C:\Users\lkw19\Documents\Android\ANoteTaker\.gradle\6.1.1\fileContent)" [_thread_blocked, id=7552, stack(0x000000004f4a0000,0x000000004f5a0000)]
  0x000000002bc72800 JavaThread "Cache worker for Build Output Cleanup Cache (C:\Users\lkw19\Documents\Android\ANoteTaker\.gradle\buildOutputCleanup)" [_thread_blocked, id=18772, stack(0x000000004f3a0000,0x000000004f4a0000)]
  0x000000002bc71800 JavaThread "Build operations Thread 16" [_thread_blocked, id=12236, stack(0x000000004f2a0000,0x000000004f3a0000)]
  0x000000002bc6f800 JavaThread "Build operations Thread 15" [_thread_blocked, id=17936, stack(0x000000004f1a0000,0x000000004f2a0000)]
  0x000000002bc6e800 JavaThread "Build operations Thread 14" [_thread_blocked, id=1684, stack(0x000000004f0a0000,0x000000004f1a0000)]
  0x000000002bc6e000 JavaThread "Build operations Thread 13" [_thread_blocked, id=11384, stack(0x000000004efa0000,0x000000004f0a0000)]
  0x000000002bc71000 JavaThread "Build operations Thread 12" [_thread_blocked, id=17732, stack(0x000000004eea0000,0x000000004efa0000)]
  0x000000002bc65800 JavaThread "Build operations Thread 11" [_thread_blocked, id=10228, stack(0x000000004eda0000,0x000000004eea0000)]
  0x000000002bc6c800 JavaThread "Build operations Thread 10" [_thread_blocked, id=300, stack(0x000000004eca0000,0x000000004eda0000)]
  0x000000002bc65000 JavaThread "Build operations Thread 9" [_thread_blocked, id=2356, stack(0x000000004eba0000,0x000000004eca0000)]
  0x000000002bc68000 JavaThread "Build operations Thread 8" [_thread_blocked, id=17952, stack(0x000000004eaa0000,0x000000004eba0000)]
  0x000000002bc68800 JavaThread "Build operations Thread 7" [_thread_blocked, id=16524, stack(0x000000004e9a0000,0x000000004eaa0000)]
  0x000000002bc67000 JavaThread "Build operations Thread 6" [_thread_blocked, id=18024, stack(0x000000004e8a0000,0x000000004e9a0000)]
  0x000000002bc6b800 JavaThread "Build operations Thread 5" [_thread_blocked, id=19540, stack(0x000000004e7a0000,0x000000004e8a0000)]
  0x000000002bc66800 JavaThread "Build operations Thread 4" [_thread_blocked, id=19416, stack(0x000000004e6a0000,0x000000004e7a0000)]
  0x000000002bc6b000 JavaThread "Build operations Thread 3" [_thread_blocked, id=8580, stack(0x000000004e5a0000,0x000000004e6a0000)]
  0x000000002bc63800 JavaThread "Build operations Thread 2" [_thread_blocked, id=12692, stack(0x000000004e4a0000,0x000000004e5a0000)]
  0x000000002bc6a000 JavaThread "Build operations" [_thread_blocked, id=15948, stack(0x000000004e3a0000,0x000000004e4a0000)]
  0x000000001ecaf000 JavaThread "Cache worker for cache directory md-rule (C:\Users\lkw19\.gradle\caches\6.1.1\md-rule)" [_thread_blocked, id=10668, stack(0x000000004e2a0000,0x000000004e3a0000)]
  0x000000001ecb0000 JavaThread "Cache worker for cache directory md-supplier (C:\Users\lkw19\.gradle\caches\6.1.1\md-supplier)" [_thread_blocked, id=17388, stack(0x000000004e1a0000,0x000000004e2a0000)]
  0x000000001ecae800 JavaThread "Cache worker for file hash cache (C:\Users\lkw19\Documents\Android\ANoteTaker\.gradle\6.1.1\fileHashes)" [_thread_blocked, id=17880, stack(0x000000004e0a0000,0x000000004e1a0000)]
  0x000000001ecb2000 JavaThread "Cache worker for checksums cache (C:\Users\lkw19\Documents\Android\ANoteTaker\.gradle\checksums)" [_thread_blocked, id=19232, stack(0x000000004dfa0000,0x000000004e0a0000)]
  0x000000001ecb3000 JavaThread "Thread-3094" [_thread_blocked, id=19636, stack(0x000000004dea0000,0x000000004dfa0000)]
  0x000000001eca7000 JavaThread "Stdin handler" [_thread_blocked, id=13928, stack(0x000000004dda0000,0x000000004dea0000)]
  0x000000001eca6000 JavaThread "Asynchronous log dispatcher for DefaultDaemonConnection: socket connection from /127.0.0.1:49365 to /127.0.0.1:54273" [_thread_blocked, id=7604, stack(0x000000004dca0000,0x000000004dda0000)]
  0x000000001ecad000 JavaThread "Daemon worker Thread 28" [_thread_blocked, id=19472, stack(0x000000004dba0000,0x000000004dca0000)]
  0x000000001eca5800 JavaThread "Cancel handler" [_thread_blocked, id=15008, stack(0x000000004daa0000,0x000000004dba0000)]
  0x000000001ecab800 JavaThread "Handler for socket connection from /127.0.0.1:49365 to /127.0.0.1:54273" [_thread_in_native, id=15792, stack(0x000000004d9a0000,0x000000004daa0000)]
  0x000000001eca4800 JavaThread "Daemon Thread 28" [_thread_blocked, id=8636, stack(0x000000004d8a0000,0x000000004d9a0000)]
  0x000000002558b800 JavaThread "Cache worker for Java compile cache (C:\Users\lkw19\.gradle\caches\6.1.1\javaCompile)" [_thread_blocked, id=5348, stack(0x000000002b320000,0x000000002b420000)]
  0x000000002100b000 JavaThread "Cache worker for file content cache (C:\Users\lkw19\.gradle\caches\6.1.1\fileContent)" [_thread_blocked, id=19508, stack(0x0000000028750000,0x0000000028850000)]
  0x000000002100a800 JavaThread "Memory manager" [_thread_blocked, id=6620, stack(0x0000000028650000,0x0000000028750000)]
  0x000000001ecaa000 JavaThread "Cache worker for execution history cache (C:\Users\lkw19\.gradle\caches\6.1.1\executionHistory)" [_thread_blocked, id=17656, stack(0x00000000237d0000,0x00000000238d0000)]
  0x000000001eca8800 JavaThread "Cache worker for file hash cache (C:\Users\lkw19\.gradle\caches\6.1.1\fileHashes)" [_thread_blocked, id=9932, stack(0x0000000020bc0000,0x0000000020cc0000)]
  0x000000001a262000 JavaThread "File lock request listener" [_thread_in_native, id=16928, stack(0x0000000020ac0000,0x0000000020bc0000)]
  0x000000001ebdd000 JavaThread "Cache worker for journal cache (C:\Users\lkw19\.gradle\caches\journal-1)" [_thread_blocked, id=15936, stack(0x00000000209c0000,0x0000000020ac0000)]
  0x000000001ea08000 JavaThread "Daemon periodic checks" [_thread_blocked, id=716, stack(0x000000001fdc0000,0x000000001fec0000)]
  0x000000001e9ec000 JavaThread "Incoming local TCP Connector on port 49365" [_thread_in_native, id=14228, stack(0x000000001fb80000,0x000000001fc80000)]
  0x000000001e95b800 JavaThread "Daemon health stats" [_thread_blocked, id=18144, stack(0x000000001f540000,0x000000001f640000)]
  0x000000001a33e800 JavaThread "Service Thread" daemon [_thread_blocked, id=16420, stack(0x000000001cba0000,0x000000001cca0000)]
  0x000000001a268800 JavaThread "C1 CompilerThread11" daemon [_thread_blocked, id=9640, stack(0x000000001caa0000,0x000000001cba0000)]
  0x000000001a268000 JavaThread "C1 CompilerThread10" daemon [_thread_blocked, id=14160, stack(0x000000001c9a0000,0x000000001caa0000)]
  0x000000001a266800 JavaThread "C1 CompilerThread9" daemon [_thread_blocked, id=18480, stack(0x000000001c8a0000,0x000000001c9a0000)]
  0x000000001a267000 JavaThread "C1 CompilerThread8" daemon [_thread_in_vm, id=13448, stack(0x000000001c6a0000,0x000000001c7a0000)]
  0x000000001a265800 JavaThread "C2 CompilerThread7" daemon [_thread_in_native, id=15352, stack(0x000000001c5a0000,0x000000001c6a0000)]
  0x000000001a263800 JavaThread "C2 CompilerThread6" daemon [_thread_in_native, id=6540, stack(0x000000001c4a0000,0x000000001c5a0000)]
  0x000000001a262800 JavaThread "C2 CompilerThread5" daemon [_thread_in_native, id=19768, stack(0x000000001c3a0000,0x000000001c4a0000)]
  0x000000001a265000 JavaThread "C2 CompilerThread4" daemon [_thread_in_native, id=9780, stack(0x000000001c2a0000,0x000000001c3a0000)]
  0x000000001a264000 JavaThread "C2 CompilerThread3" daemon [_thread_in_native, id=12940, stack(0x000000001c1a0000,0x000000001c2a0000)]
  0x000000001a25f000 JavaThread "C2 CompilerThread2" daemon [_thread_in_native, id=16236, stack(0x000000001c0a0000,0x000000001c1a0000)]
  0x000000001a254800 JavaThread "C2 CompilerThread1" daemon [_thread_in_native, id=19092, stack(0x000000001bfa0000,0x000000001c0a0000)]
  0x000000001a251800 JavaThread "C2 CompilerThread0" daemon [_thread_in_native, id=1516, stack(0x000000001bea0000,0x000000001bfa0000)]
  0x000000001a250800 JavaThread "Attach Listener" daemon [_thread_blocked, id=10364, stack(0x000000001bda0000,0x000000001bea0000)]
  0x000000001a24e000 JavaThread "Signal Dispatcher" daemon [_thread_blocked, id=20280, stack(0x000000001bca0000,0x000000001bda0000)]
  0x00000000187c3800 JavaThread "Finalizer" daemon [_thread_blocked, id=13452, stack(0x000000001bab0000,0x000000001bbb0000)]
  0x000000001a236000 JavaThread "Reference Handler" daemon [_thread_blocked, id=17224, stack(0x000000001b9b0000,0x000000001bab0000)]
  0x0000000003152800 JavaThread "main" [_thread_blocked, id=15216, stack(0x0000000002fb0000,0x00000000030b0000)]

Other Threads:
  0x000000001a214800 VMThread [stack: 0x000000001b8b0000,0x000000001b9b0000] [id=8516]
  0x000000001a33f800 WatcherThread [stack: 0x000000001cca0000,0x000000001cda0000] [id=15364]

VM state:not at safepoint (normal execution)

VM Mutex/Monitor currently owned by a thread:  ([mutex/lock_event])
[0x00000000031518d0] CompiledIC_lock - owner thread: 0x000000001a267000

heap address: 0x0000000080000000, size: 2048 MB, Compressed Oops mode: 32-bit
Narrow klass base: 0x0000000000000000, Narrow klass shift: 3
Compressed class space size: 1073741824 Address: 0x0000000100000000

Heap:
 PSYoungGen      total 496128K, used 62349K [0x00000000d5580000, 0x00000000f6c80000, 0x0000000100000000)
  eden space 459776K, 5% used [0x00000000d5580000,0x00000000d6ee9f00,0x00000000f1680000)
  from space 36352K, 99% used [0x00000000f3f00000,0x00000000f62795e8,0x00000000f6280000)
  to   space 41472K, 0% used [0x00000000f1680000,0x00000000f1680000,0x00000000f3f00000)
 ParOldGen       total 317440K, used 55650K [0x0000000080000000, 0x0000000093600000, 0x00000000d5580000)
  object space 317440K, 17% used [0x0000000080000000,0x0000000083658ae8,0x0000000093600000)
 Metaspace       used 98930K, capacity 106313K, committed 106408K, reserved 1142784K
  class space    used 12437K, capacity 13692K, committed 13744K, reserved 1048576K

Card table byte_map: [0x0000000012610000,0x0000000012a20000] byte_map_base: 0x0000000012210000

Marking Bits: (ParMarkBitMap*) 0x000000006f95f030
 Begin Bits: [0x00000000139d0000, 0x00000000159d0000)
 End Bits:   [0x00000000159d0000, 0x00000000179d0000)

Polling page: 0x0000000000dd0000

CodeCache: size=245760Kb used=93030Kb max_used=93052Kb free=152729Kb
 bounds [0x0000000003250000, 0x0000000008dd0000, 0x0000000012250000]
 total_blobs=25573 nmethods=24689 adapters=791
 compilation: enabled

Compilation events (10 events):
Event: 12382.177 Thread 0x000000001a268800 31857       3       com.android.tools.r8.code.q2::<init> (7 bytes)
Event: 12382.178 Thread 0x000000001a268800 nmethod 31857 0x0000000008dba250 code [0x0000000008dba3e0, 0x0000000008dba7d0]
Event: 12382.179 Thread 0x000000001a268000 31858       3       com.android.tools.r8.code.J0::<init> (28 bytes)
Event: 12382.179 Thread 0x000000001a268800 31861       3       com.android.tools.r8.dex.n$$Lambda$1415/1326910634::get (8 bytes)
Event: 12382.179 Thread 0x000000001a266800 31862       3       com.android.tools.r8.dex.n::c (77 bytes)
Event: 12382.180 Thread 0x000000001a268800 nmethod 31861 0x0000000008dbaa50 code [0x0000000008dbabc0, 0x0000000008dbad48]
Event: 12382.180 Thread 0x000000001a268000 nmethod 31858 0x0000000008dbd4d0 code [0x0000000008dbd6a0, 0x0000000008dbdd78]
Event: 12382.180 Thread 0x000000001a266800 nmethod 31862 0x0000000008dbe150 code [0x0000000008dbe340, 0x0000000008dbedd8]
Event: 12382.181 Thread 0x000000001a263800 nmethod 31836 0x0000000008dbf350 code [0x0000000008dbf540, 0x0000000008dc04d0]
Event: 12382.181 Thread 0x000000001a263800 31854 %     4       com.android.tools.r8.dex.n::a @ 330 (1022 bytes)

GC Heap History (10 events):
Event: 11232.993 GC heap before
{Heap before GC invocations=32 (full 4):
 PSYoungGen      total 497664K, used 490337K [0x00000000d5580000, 0x00000000f6100000, 0x0000000100000000)
  eden space 462848K, 100% used [0x00000000d5580000,0x00000000f1980000,0x00000000f1980000)
  from space 34816K, 78% used [0x00000000f1980000,0x00000000f3458698,0x00000000f3b80000)
  to   space 35840K, 0% used [0x00000000f3e00000,0x00000000f3e00000,0x00000000f6100000)
 ParOldGen       total 317440K, used 47698K [0x0000000080000000, 0x0000000093600000, 0x00000000d5580000)
  object space 317440K, 15% used [0x0000000080000000,0x0000000082e948d8,0x0000000093600000)
 Metaspace       used 98019K, capacity 105267K, committed 105640K, reserved 1140736K
  class space    used 12393K, capacity 13597K, committed 13744K, reserved 1048576K
Event: 11233.018 GC heap after
Heap after GC invocations=32 (full 4):
 PSYoungGen      total 498688K, used 30092K [0x00000000d5580000, 0x00000000f6400000, 0x0000000100000000)
  eden space 462848K, 0% used [0x00000000d5580000,0x00000000d5580000,0x00000000f1980000)
  from space 35840K, 83% used [0x00000000f3e00000,0x00000000f5b633f8,0x00000000f6100000)
  to   space 37376K, 0% used [0x00000000f1980000,0x00000000f1980000,0x00000000f3e00000)
 ParOldGen       total 317440K, used 47706K [0x0000000080000000, 0x0000000093600000, 0x00000000d5580000)
  object space 317440K, 15% used [0x0000000080000000,0x0000000082e968d8,0x0000000093600000)
 Metaspace       used 98019K, capacity 105267K, committed 105640K, reserved 1140736K
  class space    used 12393K, capacity 13597K, committed 13744K, reserved 1048576K
}
Event: 11535.650 GC heap before
{Heap before GC invocations=33 (full 4):
 PSYoungGen      total 498688K, used 492940K [0x00000000d5580000, 0x00000000f6400000, 0x0000000100000000)
  eden space 462848K, 100% used [0x00000000d5580000,0x00000000f1980000,0x00000000f1980000)
  from space 35840K, 83% used [0x00000000f3e00000,0x00000000f5b633f8,0x00000000f6100000)
  to   space 37376K, 0% used [0x00000000f1980000,0x00000000f1980000,0x00000000f3e00000)
 ParOldGen       total 317440K, used 47706K [0x0000000080000000, 0x0000000093600000, 0x00000000d5580000)
  object space 317440K, 15% used [0x0000000080000000,0x0000000082e968d8,0x0000000093600000)
 Metaspace       used 98262K, capacity 105607K, committed 105896K, reserved 1140736K
  class space    used 12393K, capacity 13597K, committed 13744K, reserved 1048576K
Event: 11535.674 GC heap after
Heap after GC invocations=33 (full 4):
 PSYoungGen      total 500224K, used 21028K [0x00000000d5580000, 0x00000000f6180000, 0x0000000100000000)
  eden space 462848K, 0% used [0x00000000d5580000,0x00000000d5580000,0x00000000f1980000)
  from space 37376K, 56% used [0x00000000f1980000,0x00000000f2e09298,0x00000000f3e00000)
  to   space 36352K, 0% used [0x00000000f3e00000,0x00000000f3e00000,0x00000000f6180000)
 ParOldGen       total 317440K, used 50587K [0x0000000080000000, 0x0000000093600000, 0x00000000d5580000)
  object space 317440K, 15% used [0x0000000080000000,0x0000000083166fa8,0x0000000093600000)
 Metaspace       used 98262K, capacity 105607K, committed 105896K, reserved 1140736K
  class space    used 12393K, capacity 13597K, committed 13744K, reserved 1048576K
}
Event: 11765.839 GC heap before
{Heap before GC invocations=34 (full 4):
 PSYoungGen      total 500224K, used 483876K [0x00000000d5580000, 0x00000000f6180000, 0x0000000100000000)
  eden space 462848K, 100% used [0x00000000d5580000,0x00000000f1980000,0x00000000f1980000)
  from space 37376K, 56% used [0x00000000f1980000,0x00000000f2e09298,0x00000000f3e00000)
  to   space 36352K, 0% used [0x00000000f3e00000,0x00000000f3e00000,0x00000000f6180000)
 ParOldGen       total 317440K, used 50587K [0x0000000080000000, 0x0000000093600000, 0x00000000d5580000)
  object space 317440K, 15% used [0x0000000080000000,0x0000000083166fa8,0x0000000093600000)
 Metaspace       used 98383K, capacity 105735K, committed 106152K, reserved 1142784K
  class space    used 12393K, capacity 13597K, committed 13744K, reserved 1048576K
Event: 11765.862 GC heap after
Heap after GC invocations=34 (full 4):
 PSYoungGen      total 498176K, used 20074K [0x00000000d5580000, 0x00000000f5f80000, 0x0000000100000000)
  eden space 463872K, 0% used [0x00000000d5580000,0x00000000d5580000,0x00000000f1a80000)
  from space 34304K, 58% used [0x00000000f3e00000,0x00000000f519a8b8,0x00000000f5f80000)
  to   space 35328K, 0% used [0x00000000f1a80000,0x00000000f1a80000,0x00000000f3d00000)
 ParOldGen       total 317440K, used 50707K [0x0000000080000000, 0x0000000093600000, 0x00000000d5580000)
  object space 317440K, 15% used [0x0000000080000000,0x0000000083184fa8,0x0000000093600000)
 Metaspace       used 98383K, capacity 105735K, committed 106152K, reserved 1142784K
  class space    used 12393K, capacity 13597K, committed 13744K, reserved 1048576K
}
Event: 11956.728 GC heap before
{Heap before GC invocations=35 (full 4):
 PSYoungGen      total 498176K, used 483946K [0x00000000d5580000, 0x00000000f5f80000, 0x0000000100000000)
  eden space 463872K, 100% used [0x00000000d5580000,0x00000000f1a80000,0x00000000f1a80000)
  from space 34304K, 58% used [0x00000000f3e00000,0x00000000f519a8b8,0x00000000f5f80000)
  to   space 35328K, 0% used [0x00000000f1a80000,0x00000000f1a80000,0x00000000f3d00000)
 ParOldGen       total 317440K, used 50707K [0x0000000080000000, 0x0000000093600000, 0x00000000d5580000)
  object space 317440K, 15% used [0x0000000080000000,0x0000000083184fa8,0x0000000093600000)
 Metaspace       used 98520K, capacity 105863K, committed 106152K, reserved 1142784K
  class space    used 12394K, capacity 13597K, committed 13744K, reserved 1048576K
Event: 11956.755 GC heap after
Heap after GC invocations=35 (full 4):
 PSYoungGen      total 499200K, used 27889K [0x00000000d5580000, 0x00000000f6280000, 0x0000000100000000)
  eden space 463872K, 0% used [0x00000000d5580000,0x00000000d5580000,0x00000000f1a80000)
  from space 35328K, 78% used [0x00000000f1a80000,0x00000000f35bc718,0x00000000f3d00000)
  to   space 36352K, 0% used [0x00000000f3f00000,0x00000000f3f00000,0x00000000f6280000)
 ParOldGen       total 317440K, used 50843K [0x0000000080000000, 0x0000000093600000, 0x00000000d5580000)
  object space 317440K, 16% used [0x0000000080000000,0x00000000831a6fb8,0x0000000093600000)
 Metaspace       used 98520K, capacity 105863K, committed 106152K, reserved 1142784K
  class space    used 12394K, capacity 13597K, committed 13744K, reserved 1048576K
}
Event: 12382.103 GC heap before
{Heap before GC invocations=36 (full 4):
 PSYoungGen      total 499200K, used 491761K [0x00000000d5580000, 0x00000000f6280000, 0x0000000100000000)
  eden space 463872K, 100% used [0x00000000d5580000,0x00000000f1a80000,0x00000000f1a80000)
  from space 35328K, 78% used [0x00000000f1a80000,0x00000000f35bc718,0x00000000f3d00000)
  to   space 36352K, 0% used [0x00000000f3f00000,0x00000000f3f00000,0x00000000f6280000)
 ParOldGen       total 317440K, used 50843K [0x0000000080000000, 0x0000000093600000, 0x00000000d5580000)
  object space 317440K, 16% used [0x0000000080000000,0x00000000831a6fb8,0x0000000093600000)
 Metaspace       used 98887K, capacity 106313K, committed 106408K, reserved 1142784K
  class space    used 12437K, capacity 13692K, committed 13744K, reserved 1048576K
Event: 12382.137 GC heap after
Heap after GC invocations=36 (full 4):
 PSYoungGen      total 496128K, used 36325K [0x00000000d5580000, 0x00000000f6c80000, 0x0000000100000000)
  eden space 459776K, 0% used [0x00000000d5580000,0x00000000d5580000,0x00000000f1680000)
  from space 36352K, 99% used [0x00000000f3f00000,0x00000000f62795e8,0x00000000f6280000)
  to   space 41472K, 0% used [0x00000000f1680000,0x00000000f1680000,0x00000000f3f00000)
 ParOldGen       total 317440K, used 55650K [0x0000000080000000, 0x0000000093600000, 0x00000000d5580000)
  object space 317440K, 17% used [0x0000000080000000,0x0000000083658ae8,0x0000000093600000)
 Metaspace       used 98887K, capacity 106313K, committed 106408K, reserved 1142784K
  class space    used 12437K, capacity 13692K, committed 13744K, reserved 1048576K
}

Deoptimization events (10 events):
Event: 12382.100 Thread 0x000000002a4a5800 Uncommon trap: reason=unstable_if action=reinterpret pc=0x0000000008125ea4 method=com.android.tools.r8.graph.m.a(IZ)Z @ 7
Event: 12382.100 Thread 0x000000002f6bb000 Uncommon trap: reason=unstable_if action=reinterpret pc=0x00000000056dc8f4 method=com.android.tools.r8.graph.m.a(IZ)Z @ 7
Event: 12382.101 Thread 0x000000002a4a7000 Uncommon trap: reason=unstable_if action=reinterpret pc=0x0000000008125ea4 method=com.android.tools.r8.graph.m.a(IZ)Z @ 7
Event: 12382.148 Thread 0x000000002a4a5800 Uncommon trap: reason=unstable_if action=reinterpret pc=0x00000000076e3d10 method=com.android.tools.r8.dex.n$c.<init>(Lcom/android/tools/r8/graph/f0;Lcom/android/tools/r8/graph/x;Lcom/android/tools/r8/graph/W;)V @ 500
Event: 12382.148 Thread 0x000000002f6bc800 Uncommon trap: reason=unstable_if action=reinterpret pc=0x0000000005d97b8c method=com.android.tools.r8.graph.c0.computeEquals(Ljava/lang/Object;)Z @ 51
Event: 12382.155 Thread 0x000000002f6bc800 Uncommon trap: reason=unstable_if action=reinterpret pc=0x000000000757723c method=com.android.tools.r8.code.E2.a(ILcom/android/tools/r8/code/L;)Lcom/android/tools/r8/code/E2; @ 2
Event: 12382.158 Thread 0x000000002a4a4000 Uncommon trap: reason=unstable_if action=reinterpret pc=0x0000000008125ea4 method=com.android.tools.r8.graph.m.a(IZ)Z @ 7
Event: 12382.159 Thread 0x000000002f6b8000 Uncommon trap: reason=unstable_if action=reinterpret pc=0x00000000069be6d0 method=com.android.tools.r8.graph.c0.computeEquals(Ljava/lang/Object;)Z @ 37
Event: 12382.167 Thread 0x000000002f6b9800 Uncommon trap: reason=unstable_if action=reinterpret pc=0x0000000006ea1f50 method=com.android.tools.r8.graph.c0.computeEquals(Ljava/lang/Object;)Z @ 51
Event: 12382.172 Thread 0x000000002a4a4800 Uncommon trap: reason=unstable_if action=reinterpret pc=0x0000000008125ea4 method=com.android.tools.r8.graph.m.a(IZ)Z @ 7

Classes redefined (0 events):
No events

Internal exceptions (10 events):
Event: 12381.900 Thread 0x0000000025595000 Exception <a 'sun/nio/fs/WindowsException'> (0x00000000ed70e378) thrown at [C:\src\AOSP-openjdk-git\hotspot\src\share\vm\prims\jni.cpp, line 710]
Event: 12381.902 Thread 0x0000000025595000 Exception <a 'sun/nio/fs/WindowsException'> (0x00000000ed7da290) thrown at [C:\src\AOSP-openjdk-git\hotspot\src\share\vm\prims\jni.cpp, line 710]
Event: 12381.904 Thread 0x0000000025595000 Exception <a 'sun/nio/fs/WindowsException'> (0x00000000ed7e2170) thrown at [C:\src\AOSP-openjdk-git\hotspot\src\share\vm\prims\jni.cpp, line 710]
Event: 12381.905 Thread 0x0000000025595000 Exception <a 'sun/nio/fs/WindowsException'> (0x00000000ed7e96a0) thrown at [C:\src\AOSP-openjdk-git\hotspot\src\share\vm\prims\jni.cpp, line 710]
Event: 12381.907 Thread 0x0000000025595000 Exception <a 'sun/nio/fs/WindowsException'> (0x00000000ed7f2aa0) thrown at [C:\src\AOSP-openjdk-git\hotspot\src\share\vm\prims\jni.cpp, line 710]
Event: 12381.914 Thread 0x000000002558a000 Implicit null exception at 0x0000000005ca3f28 to 0x0000000005ca6d29
Event: 12381.976 Thread 0x000000002ee5d000 Exception <a 'sun/nio/fs/WindowsException'> (0x00000000ee35d2e0) thrown at [C:\src\AOSP-openjdk-git\hotspot\src\share\vm\prims\jni.cpp, line 710]
Event: 12382.026 Thread 0x000000002ee64800 Exception <a 'sun/nio/fs/WindowsException'> (0x00000000ef5f4f30) thrown at [C:\src\AOSP-openjdk-git\hotspot\src\share\vm\prims\jni.cpp, line 710]
Event: 12382.148 Thread 0x000000002a4a1800 Exception <a 'sun/nio/fs/WindowsException'> (0x00000000d580ad08) thrown at [C:\src\AOSP-openjdk-git\hotspot\src\share\vm\prims\jni.cpp, line 710]
Event: 12382.183 Thread 0x000000002a4a4800 Exception <a 'java/lang/ArrayStoreException'> (0x00000000d64dc1b0) thrown at [C:\src\AOSP-openjdk-git\hotspot\src\share\vm\runtime\sharedRuntime.cpp, line 605]

Events (10 events):
Event: 12382.163 Thread 0x000000001a266800 flushing nmethod 0x000000000431e050
Event: 12382.163 Thread 0x000000002a4a2800 Thread exited: 0x000000002a4a2800
Event: 12382.163 Thread 0x000000002a49e800 Thread exited: 0x000000002a49e800
Event: 12382.167 Thread 0x000000002f6b9800 Uncommon trap: trap_request=0xffffff65 fr.pc=0x0000000006ea1f50
Event: 12382.167 Thread 0x000000002f6b9800 DEOPT PACKING pc=0x0000000006ea1f50 sp=0x000000005309eb20
Event: 12382.167 Thread 0x000000002f6b9800 DEOPT UNPACKING pc=0x000000000329557b sp=0x000000005309eac8 mode 2
Event: 12382.172 Thread 0x000000002a4a4800 Uncommon trap: trap_request=0xffffff65 fr.pc=0x0000000008125ea4
Event: 12382.172 Thread 0x000000002a4a4800 DEOPT PACKING pc=0x0000000008125ea4 sp=0x0000000052a9ed70
Event: 12382.172 Thread 0x000000002a4a4800 DEOPT UNPACKING pc=0x000000000329557b sp=0x0000000052a9ed50 mode 2
Event: 12382.178 Thread 0x000000001a267000 flushing nmethod 0x0000000004881890


Dynamic libraries:
0x00007ff6d3970000 - 0x00007ff6d39a1000 	C:\Program Files\Android\Android Studio\jre\bin\java.exe
0x00007ffd706e0000 - 0x00007ffd708c1000 	C:\WINDOWS\SYSTEM32\ntdll.dll
0x00007ffd70540000 - 0x00007ffd705f1000 	C:\WINDOWS\System32\KERNEL32.DLL
0x00007ffd6ccf0000 - 0x00007ffd6cf63000 	C:\WINDOWS\System32\KERNELBASE.dll
0x00007ffd70600000 - 0x00007ffd706a1000 	C:\WINDOWS\System32\ADVAPI32.dll
0x00007ffd70490000 - 0x00007ffd7052e000 	C:\WINDOWS\System32\msvcrt.dll
0x00007ffd6fba0000 - 0x00007ffd6fbfb000 	C:\WINDOWS\System32\sechost.dll
0x00007ffd6ff30000 - 0x00007ffd70054000 	C:\WINDOWS\System32\RPCRT4.dll
0x00007ffd6f280000 - 0x00007ffd6f411000 	C:\WINDOWS\System32\USER32.dll
0x00007ffd6ccd0000 - 0x00007ffd6ccf0000 	C:\WINDOWS\System32\win32u.dll
0x00007ffd70180000 - 0x00007ffd701a8000 	C:\WINDOWS\System32\GDI32.dll
0x00007ffd6cb30000 - 0x00007ffd6ccc3000 	C:\WINDOWS\System32\gdi32full.dll
0x00007ffd6da60000 - 0x00007ffd6daff000 	C:\WINDOWS\System32\msvcp_win.dll
0x00007ffd6d960000 - 0x00007ffd6da58000 	C:\WINDOWS\System32\ucrtbase.dll
0x00007ffd61320000 - 0x00007ffd61589000 	C:\WINDOWS\WinSxS\amd64_microsoft.windows.common-controls_6595b64144ccf1df_6.0.17134.1726_none_d3fdb88f7c924124\COMCTL32.dll
0x00007ffd6f420000 - 0x00007ffd6f741000 	C:\WINDOWS\System32\combase.dll
0x00007ffd6d1c0000 - 0x00007ffd6d239000 	C:\WINDOWS\System32\bcryptPrimitives.dll
0x00007ffd70210000 - 0x00007ffd7023d000 	C:\WINDOWS\System32\IMM32.DLL
0x000000006e980000 - 0x000000006ea52000 	C:\Program Files\Android\Android Studio\jre\jre\bin\msvcr100.dll
0x000000006f190000 - 0x000000006f9db000 	C:\Program Files\Android\Android Studio\jre\jre\bin\server\jvm.dll
0x00007ffd6ff20000 - 0x00007ffd6ff28000 	C:\WINDOWS\System32\PSAPI.DLL
0x00007ffd5a4c0000 - 0x00007ffd5a4c9000 	C:\WINDOWS\SYSTEM32\WSOCK32.dll
0x00007ffd68960000 - 0x00007ffd68983000 	C:\WINDOWS\SYSTEM32\WINMM.dll
0x00007ffd669c0000 - 0x00007ffd669ca000 	C:\WINDOWS\SYSTEM32\VERSION.dll
0x00007ffd70060000 - 0x00007ffd700cc000 	C:\WINDOWS\System32\WS2_32.dll
0x00007ffd68930000 - 0x00007ffd6895a000 	C:\WINDOWS\SYSTEM32\WINMMBASE.dll
0x00007ffd6db00000 - 0x00007ffd6db49000 	C:\WINDOWS\System32\cfgmgr32.dll
0x00007ffd570b0000 - 0x00007ffd570bf000 	C:\Program Files\Android\Android Studio\jre\jre\bin\verify.dll
0x00007ffd56100000 - 0x00007ffd56129000 	C:\Program Files\Android\Android Studio\jre\jre\bin\java.dll
0x00007ffd566e0000 - 0x00007ffd566f6000 	C:\Program Files\Android\Android Studio\jre\jre\bin\zip.dll
0x00007ffd6ddd0000 - 0x00007ffd6f215000 	C:\WINDOWS\System32\SHELL32.dll
0x00007ffd700d0000 - 0x00007ffd70179000 	C:\WINDOWS\System32\shcore.dll
0x00007ffd6d240000 - 0x00007ffd6d955000 	C:\WINDOWS\System32\windows.storage.dll
0x00007ffd6f220000 - 0x00007ffd6f271000 	C:\WINDOWS\System32\shlwapi.dll
0x00007ffd6ca60000 - 0x00007ffd6ca71000 	C:\WINDOWS\System32\kernel.appcore.dll
0x00007ffd6ca40000 - 0x00007ffd6ca5f000 	C:\WINDOWS\System32\profapi.dll
0x00007ffd6c9f0000 - 0x00007ffd6ca3c000 	C:\WINDOWS\System32\powrprof.dll
0x00007ffd6c9e0000 - 0x00007ffd6c9ea000 	C:\WINDOWS\System32\FLTLIB.DLL
0x00007ffd55b80000 - 0x00007ffd55b9a000 	C:\Program Files\Android\Android Studio\jre\jre\bin\net.dll
0x00007ffd6bee0000 - 0x00007ffd6bf46000 	C:\WINDOWS\system32\mswsock.dll
0x00007ffd55b30000 - 0x00007ffd55b43000 	C:\Program Files\Android\Android Studio\jre\jre\bin\nio.dll
0x00007ffd54a00000 - 0x00007ffd54a26000 	C:\Users\lkw19\.gradle\native\31\windows-amd64\native-platform.dll
0x00007ffd570a0000 - 0x00007ffd570ad000 	C:\Program Files\Android\Android Studio\jre\jre\bin\management.dll
0x00007ffd6c6e0000 - 0x00007ffd6c6f7000 	C:\WINDOWS\SYSTEM32\CRYPTSP.dll
0x00007ffd6b860000 - 0x00007ffd6b893000 	C:\WINDOWS\system32\rsaenh.dll
0x00007ffd6c2e0000 - 0x00007ffd6c305000 	C:\WINDOWS\SYSTEM32\bcrypt.dll
0x00007ffd6c8c0000 - 0x00007ffd6c8e8000 	C:\WINDOWS\SYSTEM32\USERENV.dll
0x00007ffd6c090000 - 0x00007ffd6c09b000 	C:\WINDOWS\SYSTEM32\CRYPTBASE.dll
0x00007ffd6bc30000 - 0x00007ffd6bc68000 	C:\WINDOWS\SYSTEM32\IPHLPAPI.DLL
0x00007ffd6dcf0000 - 0x00007ffd6dcf8000 	C:\WINDOWS\System32\NSI.dll
0x00007ffd66760000 - 0x00007ffd66776000 	C:\WINDOWS\SYSTEM32\dhcpcsvc6.DLL
0x00007ffd66740000 - 0x00007ffd6675a000 	C:\WINDOWS\SYSTEM32\dhcpcsvc.DLL
0x00007ffd6c510000 - 0x00007ffd6c6d9000 	C:\WINDOWS\SYSTEM32\dbghelp.dll

VM Arguments:
jvm_args: -Xmx2048m -Dfile.encoding=windows-1252 -Duser.country=NZ -Duser.language=en -Duser.variant 
java_command: org.gradle.launcher.daemon.bootstrap.GradleDaemon 6.1.1
java_class_path (initial): C:\Users\lkw19\.gradle\wrapper\dists\gradle-6.1.1-all\cfmwm155h49vnt3hynmlrsdst\gradle-6.1.1\lib\gradle-launcher-6.1.1.jar
Launcher Type: SUN_STANDARD

Environment Variables:
JAVA_HOME=C:\Program Files\Java\jdk-14.0.1
PATH=C:\Program Files\NVIDIA GPU Computing Toolkit\CUDA\v10.2\bin;C:\Program Files\NVIDIA GPU Computing Toolkit\CUDA\v10.2\libnvvp;C:\Program Files\AdoptOpenJDK\jdk-11.0.7.10-hotspot\bin;C:\Program Files (x86)\Common Files\Oracle\Java\javapath;C:\ProgramData\Oracle\Java\javapath;C:\WINDOWS\system32;C:\WINDOWS;C:\WINDOWS\System32\Wbem;C:\WINDOWS\System32\WindowsPowerShell\v1.0\;C:\Program Files\Microsoft SQL Server\120\Tools\Binn\;C:\Program Files\Microsoft SQL Server\130\Tools\Binn\;C:\Users\lkw19\.dnx\bin;C:\Program Files\Microsoft DNX\Dnvm\;C:\Program Files (x86)\Windows Kits\8.1\Windows Performance Toolkit\;C:\Program Files\PostgreSQL\10\bin;C:\WINDOWS\System32\OpenSSH\;C:\Program Files\Microsoft VS Code\bin;"C:\Program Files\Java\jdk-14.0.1\bin;";C:\Program Files\Java\jdk-14.0.1\bin;C:\Program Files\Git\cmd;C:\Program Files\NVIDIA Corporation\Nsight Compute 2019.5.0\;C:\Program Files (x86)\NVIDIA Corporation\PhysX\Common;C:\Program Files\NVIDIA Corporation\NVIDIA NvDLISR;C:\Users\lkw19\AppData\Local\Programs\Python\Python38-32\Scripts\;C:\Users\lkw19\AppData\Local\Programs\Python\Python38-32\;C:\Users\lkw19\AppData\Roaming\local\bin;C:\Users\lkw19\Documents\ghc-7.10.1-i386-unknown-mingw32\ghc-7.10.1\bin;C:\Users\lkw19\Documents\chromedriver_win32\chromedriver.exe;
USERNAME=lkw19
OS=Windows_NT
PROCESSOR_IDENTIFIER=AMD64 Family 23 Model 1 Stepping 1, AuthenticAMD



---------------  S Y S T E M  ---------------

OS: Windows 10.0 , 64 bit Build 17134 (10.0.17134.1425)

CPU:total 16 (initial active 16) (16 cores per cpu, 1 threads per core) family 23 model 1 stepping 1, cmov, cx8, fxsr, mmx, sse, sse2, sse3, ssse3, sse4.1, sse4.2, popcnt, avx, avx2, aes, clmul, mmxext, 3dnowpref, lzcnt, sse4a, tsc, tscinvbit, tscinv, bmi1

Memory: 4k page, physical 16703456k(5072524k free), swap 24829920k(5105204k free)

vm_info: OpenJDK 64-Bit Server VM (25.242-b01) for windows-amd64 JRE (1.8.0_242-release-1644-b01), built by "builder" with MS VC++ 10.0 (VS2010)

time: Mon Oct 12 16:06:30 2020
timezone: New Zealand Summer Time
elapsed time: 12382 seconds (0d 3h 26m 22s)

